{"C:\\Users\\hemavathin\\OneDrive - CANARYS AUTOMATIONS LIMITED\\Documents\\Projects\\INSTALITENEW\\Insta\\server\\src\\database.ts": {"path":"C:\\Users\\hemavathin\\OneDrive - CANARYS AUTOMATIONS LIMITED\\Documents\\Projects\\INSTALITENEW\\Insta\\server\\src\\database.ts","statementMap":{"0":{"start":{"line":1,"column":0},"end":{"line":1,"column":30}},"1":{"start":{"line":2,"column":0},"end":{"line":2,"column":24}},"2":{"start":{"line":9,"column":19},"end":{"line":9,"column":63}},"3":{"start":{"line":10,"column":4},"end":{"line":10,"column":43}},"4":{"start":{"line":11,"column":4},"end":{"line":11,"column":28}},"5":{"start":{"line":12,"column":4},"end":{"line":12,"column":25}},"6":{"start":{"line":16,"column":4},"end":{"line":18,"column":5}},"7":{"start":{"line":17,"column":6},"end":{"line":17,"column":41}},"8":{"start":{"line":19,"column":4},"end":{"line":19,"column":29}},"9":{"start":{"line":23,"column":4},"end":{"line":90,"column":7}},"10":{"start":{"line":25,"column":6},"end":{"line":35,"column":9}},"11":{"start":{"line":38,"column":6},"end":{"line":48,"column":9}},"12":{"start":{"line":51,"column":6},"end":{"line":61,"column":9}},"13":{"start":{"line":64,"column":6},"end":{"line":74,"column":9}},"14":{"start":{"line":77,"column":6},"end":{"line":89,"column":9}},"15":{"start":{"line":98,"column":4},"end":{"line":146,"column":7}},"16":{"start":{"line":100,"column":6},"end":{"line":103,"column":9}},"17":{"start":{"line":105,"column":6},"end":{"line":108,"column":9}},"18":{"start":{"line":110,"column":6},"end":{"line":113,"column":9}},"19":{"start":{"line":115,"column":6},"end":{"line":118,"column":9}},"20":{"start":{"line":121,"column":6},"end":{"line":145,"column":9}},"21":{"start":{"line":122,"column":8},"end":{"line":125,"column":9}},"22":{"start":{"line":123,"column":10},"end":{"line":123,"column":67}},"23":{"start":{"line":124,"column":10},"end":{"line":124,"column":17}},"24":{"start":{"line":150,"column":4},"end":{"line":150,"column":19}},"25":{"start":{"line":4,"column":0},"end":{"line":4,"column":13}}},"fnMap":{"0":{"name":"(anonymous_1)","decl":{"start":{"line":8,"column":2},"end":{"line":8,"column":null}},"loc":{"start":{"line":8,"column":2},"end":{"line":13,"column":3}}},"1":{"name":"(anonymous_2)","decl":{"start":{"line":15,"column":9},"end":{"line":15,"column":15}},"loc":{"start":{"line":15,"column":27},"end":{"line":20,"column":3}}},"2":{"name":"(anonymous_3)","decl":{"start":{"line":22,"column":10},"end":{"line":22,"column":26}},"loc":{"start":{"line":22,"column":26},"end":{"line":91,"column":3}}},"3":{"name":"(anonymous_4)","decl":{"start":{"line":23,"column":22},"end":{"line":23,"column":25}},"loc":{"start":{"line":23,"column":27},"end":{"line":90,"column":5}}},"4":{"name":"(anonymous_5)","decl":{"start":{"line":97,"column":10},"end":{"line":97,"column":23}},"loc":{"start":{"line":97,"column":23},"end":{"line":147,"column":3}}},"5":{"name":"(anonymous_6)","decl":{"start":{"line":98,"column":22},"end":{"line":98,"column":25}},"loc":{"start":{"line":98,"column":27},"end":{"line":146,"column":5}}},"6":{"name":"(anonymous_7)","decl":{"start":{"line":121,"column":50},"end":{"line":121,"column":51}},"loc":{"start":{"line":121,"column":74},"end":{"line":145,"column":7}}},"7":{"name":"(anonymous_8)","decl":{"start":{"line":149,"column":9},"end":{"line":149,"column":14}},"loc":{"start":{"line":149,"column":14},"end":{"line":151,"column":3}}}},"branchMap":{"0":{"loc":{"start":{"line":16,"column":4},"end":{"line":18,"column":5}},"type":"if","locations":[{"start":{"line":16,"column":4},"end":{"line":18,"column":5}}]},"1":{"loc":{"start":{"line":122,"column":8},"end":{"line":125,"column":9}},"type":"if","locations":[{"start":{"line":122,"column":8},"end":{"line":125,"column":9}}]}},"s":{"0":0,"1":0,"2":0,"3":0,"4":0,"5":0,"6":0,"7":0,"8":0,"9":0,"10":0,"11":0,"12":0,"13":0,"14":0,"15":0,"16":0,"17":0,"18":0,"19":0,"20":0,"21":0,"22":0,"23":0,"24":0,"25":0},"f":{"0":0,"1":0,"2":0,"3":0,"4":0,"5":0,"6":0,"7":0},"b":{"0":[0],"1":[0]}}
,"C:\\Users\\hemavathin\\OneDrive - CANARYS AUTOMATIONS LIMITED\\Documents\\Projects\\INSTALITENEW\\Insta\\server\\src\\index.ts": {"path":"C:\\Users\\hemavathin\\OneDrive - CANARYS AUTOMATIONS LIMITED\\Documents\\Projects\\INSTALITENEW\\Insta\\server\\src\\index.ts","statementMap":{"0":{"start":{"line":1,"column":0},"end":{"line":1,"column":30}},"1":{"start":{"line":2,"column":0},"end":{"line":2,"column":24}},"2":{"start":{"line":3,"column":0},"end":{"line":3,"column":28}},"3":{"start":{"line":4,"column":0},"end":{"line":4,"column":38}},"4":{"start":{"line":5,"column":0},"end":{"line":5,"column":39}},"5":{"start":{"line":6,"column":0},"end":{"line":6,"column":40}},"6":{"start":{"line":7,"column":0},"end":{"line":7,"column":40}},"7":{"start":{"line":8,"column":0},"end":{"line":8,"column":43}},"8":{"start":{"line":11,"column":0},"end":{"line":11,"column":16}},"9":{"start":{"line":13,"column":0},"end":{"line":13,"column":34}},"10":{"start":{"line":14,"column":0},"end":{"line":14,"column":41}},"11":{"start":{"line":15,"column":0},"end":{"line":15,"column":88}},"12":{"start":{"line":17,"column":12},"end":{"line":17,"column":21}},"13":{"start":{"line":18,"column":13},"end":{"line":18,"column":37}},"14":{"start":{"line":21,"column":0},"end":{"line":21,"column":23}},"15":{"start":{"line":24,"column":0},"end":{"line":24,"column":16}},"16":{"start":{"line":25,"column":0},"end":{"line":25,"column":24}},"17":{"start":{"line":26,"column":0},"end":{"line":26,"column":47}},"18":{"start":{"line":29,"column":0},"end":{"line":29,"column":33}},"19":{"start":{"line":30,"column":0},"end":{"line":30,"column":34}},"20":{"start":{"line":31,"column":0},"end":{"line":31,"column":34}},"21":{"start":{"line":32,"column":0},"end":{"line":32,"column":36}},"22":{"start":{"line":34,"column":0},"end":{"line":36,"column":3}},"23":{"start":{"line":35,"column":2},"end":{"line":35,"column":71}},"24":{"start":{"line":38,"column":0},"end":{"line":40,"column":3}},"25":{"start":{"line":39,"column":2},"end":{"line":39,"column":63}}},"fnMap":{"0":{"name":"(anonymous_1)","decl":{"start":{"line":34,"column":23},"end":{"line":34,"column":24}},"loc":{"start":{"line":34,"column":36},"end":{"line":36,"column":1}}},"1":{"name":"(anonymous_2)","decl":{"start":{"line":38,"column":17},"end":{"line":38,"column":20}},"loc":{"start":{"line":38,"column":22},"end":{"line":40,"column":1}}}},"branchMap":{"0":{"loc":{"start":{"line":15,"column":33},"end":{"line":15,"column":86}},"type":"cond-expr","locations":[{"start":{"line":15,"column":62},"end":{"line":15,"column":72}},{"start":{"line":15,"column":75},"end":{"line":15,"column":86}}]},"1":{"loc":{"start":{"line":18,"column":13},"end":{"line":18,"column":37}},"type":"binary-expr","locations":[{"start":{"line":18,"column":13},"end":{"line":18,"column":29}},{"start":{"line":18,"column":33},"end":{"line":18,"column":37}}]}},"s":{"0":0,"1":0,"2":0,"3":0,"4":0,"5":0,"6":0,"7":0,"8":0,"9":0,"10":0,"11":0,"12":0,"13":0,"14":0,"15":0,"16":0,"17":0,"18":0,"19":0,"20":0,"21":0,"22":0,"23":0,"24":0,"25":0},"f":{"0":0,"1":0},"b":{"0":[0,0],"1":[0,0]}}
,"C:\\Users\\hemavathin\\OneDrive - CANARYS AUTOMATIONS LIMITED\\Documents\\Projects\\INSTALITENEW\\Insta\\server\\src\\middleware\\auth.ts": {"path":"C:\\Users\\hemavathin\\OneDrive - CANARYS AUTOMATIONS LIMITED\\Documents\\Projects\\INSTALITENEW\\Insta\\server\\src\\middleware\\auth.ts","statementMap":{"0":{"start":{"line":2,"column":0},"end":{"line":2,"column":31}},"1":{"start":{"line":8,"column":28},"end":{"line":22,"column":1}},"2":{"start":{"line":9,"column":2},"end":{"line":21,"column":3}},"3":{"start":{"line":10,"column":18},"end":{"line":10,"column":58}},"4":{"start":{"line":12,"column":4},"end":{"line":14,"column":5}},"5":{"start":{"line":13,"column":6},"end":{"line":13,"column":72}},"6":{"start":{"line":16,"column":20},"end":{"line":16,"column":95}},"7":{"start":{"line":17,"column":4},"end":{"line":17,"column":32}},"8":{"start":{"line":18,"column":4},"end":{"line":18,"column":11}},"9":{"start":{"line":20,"column":4},"end":{"line":20,"column":53}},"10":{"start":{"line":8,"column":13},"end":{"line":8,"column":28}}},"fnMap":{"0":{"name":"(anonymous_1)","decl":{"start":{"line":8,"column":28},"end":{"line":8,"column":29}},"loc":{"start":{"line":8,"column":84},"end":{"line":22,"column":1}}}},"branchMap":{"0":{"loc":{"start":{"line":12,"column":4},"end":{"line":14,"column":5}},"type":"if","locations":[{"start":{"line":12,"column":4},"end":{"line":14,"column":5}}]},"1":{"loc":{"start":{"line":16,"column":38},"end":{"line":16,"column":72}},"type":"binary-expr","locations":[{"start":{"line":16,"column":38},"end":{"line":16,"column":60}},{"start":{"line":16,"column":64},"end":{"line":16,"column":72}}]}},"s":{"0":0,"1":0,"2":0,"3":0,"4":0,"5":0,"6":0,"7":0,"8":0,"9":0,"10":0},"f":{"0":0},"b":{"0":[0],"1":[0,0]}}
,"C:\\Users\\hemavathin\\OneDrive - CANARYS AUTOMATIONS LIMITED\\Documents\\Projects\\INSTALITENEW\\Insta\\server\\src\\routes\\auth.ts": {"path":"C:\\Users\\hemavathin\\OneDrive - CANARYS AUTOMATIONS LIMITED\\Documents\\Projects\\INSTALITENEW\\Insta\\server\\src\\routes\\auth.ts","statementMap":{"0":{"start":{"line":1,"column":0},"end":{"line":1,"column":30}},"1":{"start":{"line":2,"column":0},"end":{"line":2,"column":30}},"2":{"start":{"line":3,"column":0},"end":{"line":3,"column":31}},"3":{"start":{"line":4,"column":0},"end":{"line":4,"column":39}},"4":{"start":{"line":6,"column":15},"end":{"line":6,"column":31}},"5":{"start":{"line":7,"column":11},"end":{"line":7,"column":41}},"6":{"start":{"line":10,"column":0},"end":{"line":34,"column":3}},"7":{"start":{"line":11,"column":40},"end":{"line":11,"column":48}},"8":{"start":{"line":13,"column":2},"end":{"line":33,"column":3}},"9":{"start":{"line":14,"column":27},"end":{"line":14,"column":58}},"10":{"start":{"line":16,"column":4},"end":{"line":30,"column":6}},"11":{"start":{"line":20,"column":8},"end":{"line":22,"column":9}},"12":{"start":{"line":21,"column":10},"end":{"line":21,"column":85}},"13":{"start":{"line":24,"column":22},"end":{"line":24,"column":91}},"14":{"start":{"line":25,"column":8},"end":{"line":28,"column":11}},"15":{"start":{"line":32,"column":4},"end":{"line":32,"column":52}},"16":{"start":{"line":37,"column":0},"end":{"line":61,"column":3}},"17":{"start":{"line":38,"column":30},"end":{"line":38,"column":38}},"18":{"start":{"line":40,"column":2},"end":{"line":60,"column":5}},"19":{"start":{"line":41,"column":4},"end":{"line":43,"column":5}},"20":{"start":{"line":42,"column":6},"end":{"line":42,"column":68}},"21":{"start":{"line":45,"column":20},"end":{"line":45,"column":65}},"22":{"start":{"line":46,"column":4},"end":{"line":48,"column":5}},"23":{"start":{"line":47,"column":6},"end":{"line":47,"column":68}},"24":{"start":{"line":50,"column":18},"end":{"line":50,"column":83}},"25":{"start":{"line":51,"column":4},"end":{"line":59,"column":7}},"26":{"start":{"line":63,"column":0},"end":{"line":63,"column":22}}},"fnMap":{"0":{"name":"(anonymous_1)","decl":{"start":{"line":10,"column":25},"end":{"line":10,"column":30}},"loc":{"start":{"line":10,"column":44},"end":{"line":34,"column":1}}},"1":{"name":"(anonymous_2)","decl":{"start":{"line":19,"column":6},"end":{"line":19,"column":15}},"loc":{"start":{"line":19,"column":18},"end":{"line":29,"column":7}}},"2":{"name":"(anonymous_3)","decl":{"start":{"line":37,"column":22},"end":{"line":37,"column":23}},"loc":{"start":{"line":37,"column":35},"end":{"line":61,"column":1}}},"3":{"name":"(anonymous_4)","decl":{"start":{"line":40,"column":57},"end":{"line":40,"column":62}},"loc":{"start":{"line":40,"column":82},"end":{"line":60,"column":3}}}},"branchMap":{"0":{"loc":{"start":{"line":20,"column":8},"end":{"line":22,"column":9}},"type":"if","locations":[{"start":{"line":20,"column":8},"end":{"line":22,"column":9}}]},"1":{"loc":{"start":{"line":24,"column":56},"end":{"line":24,"column":90}},"type":"binary-expr","locations":[{"start":{"line":24,"column":56},"end":{"line":24,"column":78}},{"start":{"line":24,"column":82},"end":{"line":24,"column":90}}]},"2":{"loc":{"start":{"line":41,"column":4},"end":{"line":43,"column":5}},"type":"if","locations":[{"start":{"line":41,"column":4},"end":{"line":43,"column":5}}]},"3":{"loc":{"start":{"line":41,"column":8},"end":{"line":41,"column":20}},"type":"binary-expr","locations":[{"start":{"line":41,"column":8},"end":{"line":41,"column":11}},{"start":{"line":41,"column":15},"end":{"line":41,"column":20}}]},"4":{"loc":{"start":{"line":46,"column":4},"end":{"line":48,"column":5}},"type":"if","locations":[{"start":{"line":46,"column":4},"end":{"line":48,"column":5}}]},"5":{"loc":{"start":{"line":50,"column":48},"end":{"line":50,"column":82}},"type":"binary-expr","locations":[{"start":{"line":50,"column":48},"end":{"line":50,"column":70}},{"start":{"line":50,"column":74},"end":{"line":50,"column":82}}]}},"s":{"0":0,"1":0,"2":0,"3":0,"4":0,"5":0,"6":0,"7":0,"8":0,"9":0,"10":0,"11":0,"12":0,"13":0,"14":0,"15":0,"16":0,"17":0,"18":0,"19":0,"20":0,"21":0,"22":0,"23":0,"24":0,"25":0,"26":0},"f":{"0":0,"1":0,"2":0,"3":0},"b":{"0":[0],"1":[0,0],"2":[0],"3":[0,0],"4":[0],"5":[0,0]}}
,"C:\\Users\\hemavathin\\OneDrive - CANARYS AUTOMATIONS LIMITED\\Documents\\Projects\\INSTALITENEW\\Insta\\server\\src\\routes\\follow.ts": {"path":"C:\\Users\\hemavathin\\OneDrive - CANARYS AUTOMATIONS LIMITED\\Documents\\Projects\\INSTALITENEW\\Insta\\server\\src\\routes\\follow.ts","statementMap":{"0":{"start":{"line":1,"column":0},"end":{"line":1,"column":30}},"1":{"start":{"line":2,"column":0},"end":{"line":2,"column":39}},"2":{"start":{"line":3,"column":0},"end":{"line":3,"column":63}},"3":{"start":{"line":5,"column":15},"end":{"line":5,"column":31}},"4":{"start":{"line":6,"column":11},"end":{"line":6,"column":41}},"5":{"start":{"line":14,"column":0},"end":{"line":108,"column":3}},"6":{"start":{"line":15,"column":23},"end":{"line":15,"column":50}},"7":{"start":{"line":16,"column":21},"end":{"line":16,"column":31}},"8":{"start":{"line":19,"column":2},"end":{"line":24,"column":3}},"9":{"start":{"line":20,"column":4},"end":{"line":23,"column":7}},"10":{"start":{"line":27,"column":2},"end":{"line":32,"column":3}},"11":{"start":{"line":28,"column":4},"end":{"line":31,"column":7}},"12":{"start":{"line":35,"column":2},"end":{"line":107,"column":4}},"13":{"start":{"line":39,"column":6},"end":{"line":44,"column":7}},"14":{"start":{"line":40,"column":8},"end":{"line":43,"column":11}},"15":{"start":{"line":46,"column":6},"end":{"line":51,"column":7}},"16":{"start":{"line":47,"column":8},"end":{"line":50,"column":11}},"17":{"start":{"line":54,"column":6},"end":{"line":105,"column":8}},"18":{"start":{"line":58,"column":10},"end":{"line":63,"column":11}},"19":{"start":{"line":59,"column":12},"end":{"line":62,"column":15}},"20":{"start":{"line":65,"column":10},"end":{"line":70,"column":11}},"21":{"start":{"line":66,"column":12},"end":{"line":69,"column":15}},"22":{"start":{"line":73,"column":10},"end":{"line":103,"column":12}},"23":{"start":{"line":77,"column":14},"end":{"line":82,"column":15}},"24":{"start":{"line":78,"column":16},"end":{"line":81,"column":19}},"25":{"start":{"line":85,"column":14},"end":{"line":101,"column":16}},"26":{"start":{"line":89,"column":18},"end":{"line":99,"column":21}},"27":{"start":{"line":116,"column":0},"end":{"line":178,"column":3}},"28":{"start":{"line":117,"column":23},"end":{"line":117,"column":50}},"29":{"start":{"line":118,"column":21},"end":{"line":118,"column":31}},"30":{"start":{"line":121,"column":2},"end":{"line":126,"column":3}},"31":{"start":{"line":122,"column":4},"end":{"line":125,"column":7}},"32":{"start":{"line":129,"column":2},"end":{"line":177,"column":4}},"33":{"start":{"line":133,"column":6},"end":{"line":138,"column":7}},"34":{"start":{"line":134,"column":8},"end":{"line":137,"column":11}},"35":{"start":{"line":140,"column":6},"end":{"line":145,"column":7}},"36":{"start":{"line":141,"column":8},"end":{"line":144,"column":11}},"37":{"start":{"line":148,"column":6},"end":{"line":175,"column":8}},"38":{"start":{"line":152,"column":10},"end":{"line":157,"column":11}},"39":{"start":{"line":153,"column":12},"end":{"line":156,"column":15}},"40":{"start":{"line":160,"column":10},"end":{"line":173,"column":12}},"41":{"start":{"line":164,"column":14},"end":{"line":171,"column":17}},"42":{"start":{"line":187,"column":0},"end":{"line":273,"column":3}},"43":{"start":{"line":188,"column":17},"end":{"line":188,"column":44}},"44":{"start":{"line":189,"column":15},"end":{"line":189,"column":71}},"45":{"start":{"line":190,"column":16},"end":{"line":190,"column":89}},"46":{"start":{"line":191,"column":17},"end":{"line":191,"column":35}},"47":{"start":{"line":194,"column":2},"end":{"line":199,"column":3}},"48":{"start":{"line":195,"column":4},"end":{"line":198,"column":7}},"49":{"start":{"line":202,"column":2},"end":{"line":272,"column":4}},"50":{"start":{"line":206,"column":6},"end":{"line":211,"column":7}},"51":{"start":{"line":207,"column":8},"end":{"line":210,"column":11}},"52":{"start":{"line":213,"column":6},"end":{"line":218,"column":7}},"53":{"start":{"line":214,"column":8},"end":{"line":217,"column":11}},"54":{"start":{"line":221,"column":6},"end":{"line":270,"column":8}},"55":{"start":{"line":225,"column":10},"end":{"line":230,"column":11}},"56":{"start":{"line":226,"column":12},"end":{"line":229,"column":15}},"57":{"start":{"line":232,"column":24},"end":{"line":232,"column":47}},"58":{"start":{"line":235,"column":10},"end":{"line":268,"column":12}},"59":{"start":{"line":250,"column":14},"end":{"line":255,"column":15}},"60":{"start":{"line":251,"column":16},"end":{"line":254,"column":19}},"61":{"start":{"line":257,"column":14},"end":{"line":266,"column":17}},"62":{"start":{"line":282,"column":0},"end":{"line":368,"column":3}},"63":{"start":{"line":283,"column":17},"end":{"line":283,"column":44}},"64":{"start":{"line":284,"column":15},"end":{"line":284,"column":71}},"65":{"start":{"line":285,"column":16},"end":{"line":285,"column":89}},"66":{"start":{"line":286,"column":17},"end":{"line":286,"column":35}},"67":{"start":{"line":289,"column":2},"end":{"line":294,"column":3}},"68":{"start":{"line":290,"column":4},"end":{"line":293,"column":7}},"69":{"start":{"line":297,"column":2},"end":{"line":367,"column":4}},"70":{"start":{"line":301,"column":6},"end":{"line":306,"column":7}},"71":{"start":{"line":302,"column":8},"end":{"line":305,"column":11}},"72":{"start":{"line":308,"column":6},"end":{"line":313,"column":7}},"73":{"start":{"line":309,"column":8},"end":{"line":312,"column":11}},"74":{"start":{"line":316,"column":6},"end":{"line":365,"column":8}},"75":{"start":{"line":320,"column":10},"end":{"line":325,"column":11}},"76":{"start":{"line":321,"column":12},"end":{"line":324,"column":15}},"77":{"start":{"line":327,"column":24},"end":{"line":327,"column":47}},"78":{"start":{"line":330,"column":10},"end":{"line":363,"column":12}},"79":{"start":{"line":345,"column":14},"end":{"line":350,"column":15}},"80":{"start":{"line":346,"column":16},"end":{"line":349,"column":19}},"81":{"start":{"line":352,"column":14},"end":{"line":361,"column":17}},"82":{"start":{"line":377,"column":0},"end":{"line":429,"column":3}},"83":{"start":{"line":378,"column":17},"end":{"line":378,"column":44}},"84":{"start":{"line":379,"column":19},"end":{"line":379,"column":52}},"85":{"start":{"line":380,"column":24},"end":{"line":380,"column":34}},"86":{"start":{"line":383,"column":2},"end":{"line":388,"column":3}},"87":{"start":{"line":384,"column":4},"end":{"line":387,"column":7}},"88":{"start":{"line":391,"column":2},"end":{"line":396,"column":3}},"89":{"start":{"line":392,"column":4},"end":{"line":395,"column":7}},"90":{"start":{"line":399,"column":2},"end":{"line":404,"column":3}},"91":{"start":{"line":400,"column":4},"end":{"line":403,"column":7}},"92":{"start":{"line":407,"column":2},"end":{"line":428,"column":4}},"93":{"start":{"line":411,"column":6},"end":{"line":416,"column":7}},"94":{"start":{"line":412,"column":8},"end":{"line":415,"column":11}},"95":{"start":{"line":418,"column":6},"end":{"line":426,"column":9}},"96":{"start":{"line":431,"column":0},"end":{"line":431,"column":22}}},"fnMap":{"0":{"name":"(anonymous_1)","decl":{"start":{"line":14,"column":41},"end":{"line":14,"column":42}},"loc":{"start":{"line":14,"column":67},"end":{"line":108,"column":1}}},"1":{"name":"(anonymous_2)","decl":{"start":{"line":38,"column":4},"end":{"line":38,"column":5}},"loc":{"start":{"line":38,"column":18},"end":{"line":106,"column":5}}},"2":{"name":"(anonymous_3)","decl":{"start":{"line":57,"column":8},"end":{"line":57,"column":9}},"loc":{"start":{"line":57,"column":32},"end":{"line":104,"column":9}}},"3":{"name":"(anonymous_4)","decl":{"start":{"line":76,"column":12},"end":{"line":76,"column":21}},"loc":{"start":{"line":76,"column":24},"end":{"line":102,"column":13}}},"4":{"name":"(anonymous_5)","decl":{"start":{"line":88,"column":16},"end":{"line":88,"column":17}},"loc":{"start":{"line":88,"column":37},"end":{"line":100,"column":17}}},"5":{"name":"(anonymous_6)","decl":{"start":{"line":116,"column":43},"end":{"line":116,"column":44}},"loc":{"start":{"line":116,"column":69},"end":{"line":178,"column":1}}},"6":{"name":"(anonymous_7)","decl":{"start":{"line":132,"column":4},"end":{"line":132,"column":5}},"loc":{"start":{"line":132,"column":20},"end":{"line":176,"column":5}}},"7":{"name":"(anonymous_8)","decl":{"start":{"line":151,"column":8},"end":{"line":151,"column":9}},"loc":{"start":{"line":151,"column":16},"end":{"line":174,"column":9}}},"8":{"name":"(anonymous_9)","decl":{"start":{"line":163,"column":12},"end":{"line":163,"column":13}},"loc":{"start":{"line":163,"column":33},"end":{"line":172,"column":13}}},"9":{"name":"(anonymous_10)","decl":{"start":{"line":187,"column":29},"end":{"line":187,"column":30}},"loc":{"start":{"line":187,"column":55},"end":{"line":273,"column":1}}},"10":{"name":"(anonymous_11)","decl":{"start":{"line":205,"column":4},"end":{"line":205,"column":5}},"loc":{"start":{"line":205,"column":18},"end":{"line":271,"column":5}}},"11":{"name":"(anonymous_12)","decl":{"start":{"line":224,"column":8},"end":{"line":224,"column":9}},"loc":{"start":{"line":224,"column":34},"end":{"line":269,"column":9}}},"12":{"name":"(anonymous_13)","decl":{"start":{"line":249,"column":12},"end":{"line":249,"column":13}},"loc":{"start":{"line":249,"column":38},"end":{"line":267,"column":13}}},"13":{"name":"(anonymous_14)","decl":{"start":{"line":282,"column":29},"end":{"line":282,"column":30}},"loc":{"start":{"line":282,"column":55},"end":{"line":368,"column":1}}},"14":{"name":"(anonymous_15)","decl":{"start":{"line":300,"column":4},"end":{"line":300,"column":5}},"loc":{"start":{"line":300,"column":18},"end":{"line":366,"column":5}}},"15":{"name":"(anonymous_16)","decl":{"start":{"line":319,"column":8},"end":{"line":319,"column":9}},"loc":{"start":{"line":319,"column":34},"end":{"line":364,"column":9}}},"16":{"name":"(anonymous_17)","decl":{"start":{"line":344,"column":12},"end":{"line":344,"column":13}},"loc":{"start":{"line":344,"column":38},"end":{"line":362,"column":13}}},"17":{"name":"(anonymous_18)","decl":{"start":{"line":377,"column":60},"end":{"line":377,"column":61}},"loc":{"start":{"line":377,"column":86},"end":{"line":429,"column":1}}},"18":{"name":"(anonymous_19)","decl":{"start":{"line":410,"column":4},"end":{"line":410,"column":5}},"loc":{"start":{"line":410,"column":25},"end":{"line":427,"column":5}}}},"branchMap":{"0":{"loc":{"start":{"line":19,"column":2},"end":{"line":24,"column":3}},"type":"if","locations":[{"start":{"line":19,"column":2},"end":{"line":24,"column":3}}]},"1":{"loc":{"start":{"line":27,"column":2},"end":{"line":32,"column":3}},"type":"if","locations":[{"start":{"line":27,"column":2},"end":{"line":32,"column":3}}]},"2":{"loc":{"start":{"line":39,"column":6},"end":{"line":44,"column":7}},"type":"if","locations":[{"start":{"line":39,"column":6},"end":{"line":44,"column":7}}]},"3":{"loc":{"start":{"line":46,"column":6},"end":{"line":51,"column":7}},"type":"if","locations":[{"start":{"line":46,"column":6},"end":{"line":51,"column":7}}]},"4":{"loc":{"start":{"line":58,"column":10},"end":{"line":63,"column":11}},"type":"if","locations":[{"start":{"line":58,"column":10},"end":{"line":63,"column":11}}]},"5":{"loc":{"start":{"line":65,"column":10},"end":{"line":70,"column":11}},"type":"if","locations":[{"start":{"line":65,"column":10},"end":{"line":70,"column":11}}]},"6":{"loc":{"start":{"line":77,"column":14},"end":{"line":82,"column":15}},"type":"if","locations":[{"start":{"line":77,"column":14},"end":{"line":82,"column":15}}]},"7":{"loc":{"start":{"line":96,"column":38},"end":{"line":96,"column":56}},"type":"binary-expr","locations":[{"start":{"line":96,"column":38},"end":{"line":96,"column":51}},{"start":{"line":96,"column":55},"end":{"line":96,"column":56}}]},"8":{"loc":{"start":{"line":121,"column":2},"end":{"line":126,"column":3}},"type":"if","locations":[{"start":{"line":121,"column":2},"end":{"line":126,"column":3}}]},"9":{"loc":{"start":{"line":133,"column":6},"end":{"line":138,"column":7}},"type":"if","locations":[{"start":{"line":133,"column":6},"end":{"line":138,"column":7}}]},"10":{"loc":{"start":{"line":140,"column":6},"end":{"line":145,"column":7}},"type":"if","locations":[{"start":{"line":140,"column":6},"end":{"line":145,"column":7}}]},"11":{"loc":{"start":{"line":152,"column":10},"end":{"line":157,"column":11}},"type":"if","locations":[{"start":{"line":152,"column":10},"end":{"line":157,"column":11}}]},"12":{"loc":{"start":{"line":169,"column":34},"end":{"line":169,"column":52}},"type":"binary-expr","locations":[{"start":{"line":169,"column":34},"end":{"line":169,"column":47}},{"start":{"line":169,"column":51},"end":{"line":169,"column":52}}]},"13":{"loc":{"start":{"line":189,"column":27},"end":{"line":189,"column":70}},"type":"binary-expr","locations":[{"start":{"line":189,"column":27},"end":{"line":189,"column":65}},{"start":{"line":189,"column":69},"end":{"line":189,"column":70}}]},"14":{"loc":{"start":{"line":190,"column":42},"end":{"line":190,"column":87}},"type":"binary-expr","locations":[{"start":{"line":190,"column":42},"end":{"line":190,"column":81}},{"start":{"line":190,"column":85},"end":{"line":190,"column":87}}]},"15":{"loc":{"start":{"line":194,"column":2},"end":{"line":199,"column":3}},"type":"if","locations":[{"start":{"line":194,"column":2},"end":{"line":199,"column":3}}]},"16":{"loc":{"start":{"line":206,"column":6},"end":{"line":211,"column":7}},"type":"if","locations":[{"start":{"line":206,"column":6},"end":{"line":211,"column":7}}]},"17":{"loc":{"start":{"line":213,"column":6},"end":{"line":218,"column":7}},"type":"if","locations":[{"start":{"line":213,"column":6},"end":{"line":218,"column":7}}]},"18":{"loc":{"start":{"line":225,"column":10},"end":{"line":230,"column":11}},"type":"if","locations":[{"start":{"line":225,"column":10},"end":{"line":230,"column":11}}]},"19":{"loc":{"start":{"line":232,"column":24},"end":{"line":232,"column":47}},"type":"binary-expr","locations":[{"start":{"line":232,"column":24},"end":{"line":232,"column":42}},{"start":{"line":232,"column":46},"end":{"line":232,"column":47}}]},"20":{"loc":{"start":{"line":250,"column":14},"end":{"line":255,"column":15}},"type":"if","locations":[{"start":{"line":250,"column":14},"end":{"line":255,"column":15}}]},"21":{"loc":{"start":{"line":264,"column":29},"end":{"line":264,"column":44}},"type":"binary-expr","locations":[{"start":{"line":264,"column":29},"end":{"line":264,"column":38}},{"start":{"line":264,"column":42},"end":{"line":264,"column":44}}]},"22":{"loc":{"start":{"line":284,"column":27},"end":{"line":284,"column":70}},"type":"binary-expr","locations":[{"start":{"line":284,"column":27},"end":{"line":284,"column":65}},{"start":{"line":284,"column":69},"end":{"line":284,"column":70}}]},"23":{"loc":{"start":{"line":285,"column":42},"end":{"line":285,"column":87}},"type":"binary-expr","locations":[{"start":{"line":285,"column":42},"end":{"line":285,"column":81}},{"start":{"line":285,"column":85},"end":{"line":285,"column":87}}]},"24":{"loc":{"start":{"line":289,"column":2},"end":{"line":294,"column":3}},"type":"if","locations":[{"start":{"line":289,"column":2},"end":{"line":294,"column":3}}]},"25":{"loc":{"start":{"line":301,"column":6},"end":{"line":306,"column":7}},"type":"if","locations":[{"start":{"line":301,"column":6},"end":{"line":306,"column":7}}]},"26":{"loc":{"start":{"line":308,"column":6},"end":{"line":313,"column":7}},"type":"if","locations":[{"start":{"line":308,"column":6},"end":{"line":313,"column":7}}]},"27":{"loc":{"start":{"line":320,"column":10},"end":{"line":325,"column":11}},"type":"if","locations":[{"start":{"line":320,"column":10},"end":{"line":325,"column":11}}]},"28":{"loc":{"start":{"line":327,"column":24},"end":{"line":327,"column":47}},"type":"binary-expr","locations":[{"start":{"line":327,"column":24},"end":{"line":327,"column":42}},{"start":{"line":327,"column":46},"end":{"line":327,"column":47}}]},"29":{"loc":{"start":{"line":345,"column":14},"end":{"line":350,"column":15}},"type":"if","locations":[{"start":{"line":345,"column":14},"end":{"line":350,"column":15}}]},"30":{"loc":{"start":{"line":359,"column":29},"end":{"line":359,"column":44}},"type":"binary-expr","locations":[{"start":{"line":359,"column":29},"end":{"line":359,"column":38}},{"start":{"line":359,"column":42},"end":{"line":359,"column":44}}]},"31":{"loc":{"start":{"line":383,"column":2},"end":{"line":388,"column":3}},"type":"if","locations":[{"start":{"line":383,"column":2},"end":{"line":388,"column":3}}]},"32":{"loc":{"start":{"line":383,"column":6},"end":{"line":383,"column":38}},"type":"binary-expr","locations":[{"start":{"line":383,"column":6},"end":{"line":383,"column":19}},{"start":{"line":383,"column":23},"end":{"line":383,"column":38}}]},"33":{"loc":{"start":{"line":391,"column":2},"end":{"line":396,"column":3}},"type":"if","locations":[{"start":{"line":391,"column":2},"end":{"line":396,"column":3}}]},"34":{"loc":{"start":{"line":399,"column":2},"end":{"line":404,"column":3}},"type":"if","locations":[{"start":{"line":399,"column":2},"end":{"line":404,"column":3}}]},"35":{"loc":{"start":{"line":411,"column":6},"end":{"line":416,"column":7}},"type":"if","locations":[{"start":{"line":411,"column":6},"end":{"line":416,"column":7}}]},"36":{"loc":{"start":{"line":422,"column":22},"end":{"line":422,"column":48}},"type":"binary-expr","locations":[{"start":{"line":422,"column":22},"end":{"line":422,"column":40}},{"start":{"line":422,"column":44},"end":{"line":422,"column":48}}]}},"s":{"0":0,"1":0,"2":0,"3":0,"4":0,"5":0,"6":0,"7":0,"8":0,"9":0,"10":0,"11":0,"12":0,"13":0,"14":0,"15":0,"16":0,"17":0,"18":0,"19":0,"20":0,"21":0,"22":0,"23":0,"24":0,"25":0,"26":0,"27":0,"28":0,"29":0,"30":0,"31":0,"32":0,"33":0,"34":0,"35":0,"36":0,"37":0,"38":0,"39":0,"40":0,"41":0,"42":0,"43":0,"44":0,"45":0,"46":0,"47":0,"48":0,"49":0,"50":0,"51":0,"52":0,"53":0,"54":0,"55":0,"56":0,"57":0,"58":0,"59":0,"60":0,"61":0,"62":0,"63":0,"64":0,"65":0,"66":0,"67":0,"68":0,"69":0,"70":0,"71":0,"72":0,"73":0,"74":0,"75":0,"76":0,"77":0,"78":0,"79":0,"80":0,"81":0,"82":0,"83":0,"84":0,"85":0,"86":0,"87":0,"88":0,"89":0,"90":0,"91":0,"92":0,"93":0,"94":0,"95":0,"96":0},"f":{"0":0,"1":0,"2":0,"3":0,"4":0,"5":0,"6":0,"7":0,"8":0,"9":0,"10":0,"11":0,"12":0,"13":0,"14":0,"15":0,"16":0,"17":0,"18":0},"b":{"0":[0],"1":[0],"2":[0],"3":[0],"4":[0],"5":[0],"6":[0],"7":[0,0],"8":[0],"9":[0],"10":[0],"11":[0],"12":[0,0],"13":[0,0],"14":[0,0],"15":[0],"16":[0],"17":[0],"18":[0],"19":[0,0],"20":[0],"21":[0,0],"22":[0,0],"23":[0,0],"24":[0],"25":[0],"26":[0],"27":[0],"28":[0,0],"29":[0],"30":[0,0],"31":[0],"32":[0,0],"33":[0],"34":[0],"35":[0],"36":[0,0]}}
,"C:\\Users\\hemavathin\\OneDrive - CANARYS AUTOMATIONS LIMITED\\Documents\\Projects\\INSTALITENEW\\Insta\\server\\src\\routes\\posts.ts": {"path":"C:\\Users\\hemavathin\\OneDrive - CANARYS AUTOMATIONS LIMITED\\Documents\\Projects\\INSTALITENEW\\Insta\\server\\src\\routes\\posts.ts","statementMap":{"0":{"start":{"line":1,"column":0},"end":{"line":1,"column":30}},"1":{"start":{"line":2,"column":0},"end":{"line":2,"column":28}},"2":{"start":{"line":4,"column":0},"end":{"line":4,"column":43}},"3":{"start":{"line":5,"column":0},"end":{"line":5,"column":39}},"4":{"start":{"line":6,"column":0},"end":{"line":6,"column":63}},"5":{"start":{"line":9,"column":26},"end":{"line":14,"column":1}},"6":{"start":{"line":10,"column":2},"end":{"line":12,"column":3}},"7":{"start":{"line":11,"column":4},"end":{"line":11,"column":67}},"8":{"start":{"line":13,"column":2},"end":{"line":13,"column":24}},"9":{"start":{"line":16,"column":15},"end":{"line":16,"column":31}},"10":{"start":{"line":17,"column":11},"end":{"line":17,"column":41}},"11":{"start":{"line":20,"column":16},"end":{"line":25,"column":2}},"12":{"start":{"line":23,"column":4},"end":{"line":23,"column":51}},"13":{"start":{"line":26,"column":15},"end":{"line":26,"column":34}},"14":{"start":{"line":29,"column":20},"end":{"line":29,"column":42}},"15":{"start":{"line":30,"column":19},"end":{"line":43,"column":2}},"16":{"start":{"line":36,"column":25},"end":{"line":36,"column":92}},"17":{"start":{"line":37,"column":4},"end":{"line":41,"column":5}},"18":{"start":{"line":38,"column":6},"end":{"line":38,"column":21}},"19":{"start":{"line":40,"column":6},"end":{"line":40,"column":85}},"20":{"start":{"line":47,"column":27},"end":{"line":56,"column":2}},"21":{"start":{"line":59,"column":0},"end":{"line":74,"column":3}},"22":{"start":{"line":60,"column":16},"end":{"line":66,"column":4}},"23":{"start":{"line":68,"column":2},"end":{"line":73,"column":5}},"24":{"start":{"line":69,"column":4},"end":{"line":71,"column":5}},"25":{"start":{"line":70,"column":6},"end":{"line":70,"column":61}},"26":{"start":{"line":72,"column":4},"end":{"line":72,"column":20}},"27":{"start":{"line":77,"column":0},"end":{"line":130,"column":3}},"28":{"start":{"line":78,"column":2},"end":{"line":129,"column":3}},"29":{"start":{"line":80,"column":4},"end":{"line":85,"column":5}},"30":{"start":{"line":81,"column":6},"end":{"line":84,"column":9}},"31":{"start":{"line":88,"column":24},"end":{"line":88,"column":39}},"32":{"start":{"line":89,"column":21},"end":{"line":89,"column":38}},"33":{"start":{"line":92,"column":19},"end":{"line":92,"column":94}},"34":{"start":{"line":95,"column":4},"end":{"line":106,"column":5}},"35":{"start":{"line":96,"column":6},"end":{"line":100,"column":9}},"36":{"start":{"line":102,"column":6},"end":{"line":105,"column":9}},"37":{"start":{"line":108,"column":4},"end":{"line":108,"column":64}},"38":{"start":{"line":111,"column":4},"end":{"line":122,"column":5}},"39":{"start":{"line":112,"column":6},"end":{"line":117,"column":7}},"40":{"start":{"line":113,"column":8},"end":{"line":116,"column":11}},"41":{"start":{"line":118,"column":6},"end":{"line":121,"column":9}},"42":{"start":{"line":125,"column":4},"end":{"line":128,"column":7}},"43":{"start":{"line":133,"column":0},"end":{"line":147,"column":3}},"44":{"start":{"line":134,"column":22},"end":{"line":134,"column":30}},"45":{"start":{"line":135,"column":19},"end":{"line":135,"column":66}},"46":{"start":{"line":137,"column":2},"end":{"line":146,"column":4}},"47":{"start":{"line":141,"column":6},"end":{"line":143,"column":7}},"48":{"start":{"line":142,"column":8},"end":{"line":142,"column":72}},"49":{"start":{"line":144,"column":6},"end":{"line":144,"column":67}},"50":{"start":{"line":150,"column":0},"end":{"line":175,"column":3}},"51":{"start":{"line":151,"column":17},"end":{"line":151,"column":30}},"52":{"start":{"line":154,"column":2},"end":{"line":174,"column":4}},"53":{"start":{"line":158,"column":6},"end":{"line":160,"column":7}},"54":{"start":{"line":159,"column":8},"end":{"line":159,"column":81}},"55":{"start":{"line":163,"column":6},"end":{"line":163,"column":62}},"56":{"start":{"line":164,"column":6},"end":{"line":164,"column":65}},"57":{"start":{"line":167,"column":6},"end":{"line":172,"column":9}},"58":{"start":{"line":168,"column":8},"end":{"line":170,"column":9}},"59":{"start":{"line":169,"column":10},"end":{"line":169,"column":74}},"60":{"start":{"line":171,"column":8},"end":{"line":171,"column":59}},"61":{"start":{"line":178,"column":0},"end":{"line":197,"column":3}},"62":{"start":{"line":179,"column":17},"end":{"line":179,"column":30}},"63":{"start":{"line":182,"column":2},"end":{"line":196,"column":4}},"64":{"start":{"line":186,"column":6},"end":{"line":194,"column":7}},"65":{"start":{"line":188,"column":8},"end":{"line":188,"column":92}},"66":{"start":{"line":189,"column":8},"end":{"line":189,"column":35}},"67":{"start":{"line":192,"column":8},"end":{"line":192,"column":91}},"68":{"start":{"line":193,"column":8},"end":{"line":193,"column":34}},"69":{"start":{"line":200,"column":0},"end":{"line":217,"column":3}},"70":{"start":{"line":201,"column":17},"end":{"line":201,"column":30}},"71":{"start":{"line":203,"column":2},"end":{"line":216,"column":4}},"72":{"start":{"line":211,"column":6},"end":{"line":213,"column":7}},"73":{"start":{"line":212,"column":8},"end":{"line":212,"column":63}},"74":{"start":{"line":214,"column":6},"end":{"line":214,"column":25}},"75":{"start":{"line":220,"column":0},"end":{"line":234,"column":3}},"76":{"start":{"line":221,"column":17},"end":{"line":221,"column":30}},"77":{"start":{"line":222,"column":22},"end":{"line":222,"column":30}},"78":{"start":{"line":224,"column":2},"end":{"line":233,"column":4}},"79":{"start":{"line":228,"column":6},"end":{"line":230,"column":7}},"80":{"start":{"line":229,"column":8},"end":{"line":229,"column":72}},"81":{"start":{"line":231,"column":6},"end":{"line":231,"column":57}},"82":{"start":{"line":236,"column":0},"end":{"line":236,"column":22}}},"fnMap":{"0":{"name":"(anonymous_1)","decl":{"start":{"line":9,"column":26},"end":{"line":9,"column":29}},"loc":{"start":{"line":9,"column":31},"end":{"line":14,"column":1}}},"1":{"name":"(anonymous_2)","decl":{"start":{"line":22,"column":12},"end":{"line":22,"column":13}},"loc":{"start":{"line":22,"column":30},"end":{"line":24,"column":3}}},"2":{"name":"(anonymous_3)","decl":{"start":{"line":35,"column":14},"end":{"line":35,"column":15}},"loc":{"start":{"line":35,"column":32},"end":{"line":42,"column":3}}},"3":{"name":"(anonymous_4)","decl":{"start":{"line":59,"column":16},"end":{"line":59,"column":17}},"loc":{"start":{"line":59,"column":29},"end":{"line":74,"column":1}}},"4":{"name":"(anonymous_5)","decl":{"start":{"line":68,"column":20},"end":{"line":68,"column":21}},"loc":{"start":{"line":68,"column":35},"end":{"line":73,"column":3}}},"5":{"name":"(anonymous_6)","decl":{"start":{"line":77,"column":95},"end":{"line":77,"column":100}},"loc":{"start":{"line":77,"column":127},"end":{"line":130,"column":1}}},"6":{"name":"(anonymous_7)","decl":{"start":{"line":133,"column":55},"end":{"line":133,"column":56}},"loc":{"start":{"line":133,"column":81},"end":{"line":147,"column":1}}},"7":{"name":"(anonymous_8)","decl":{"start":{"line":140,"column":4},"end":{"line":140,"column":13}},"loc":{"start":{"line":140,"column":16},"end":{"line":145,"column":5}}},"8":{"name":"(anonymous_9)","decl":{"start":{"line":150,"column":36},"end":{"line":150,"column":37}},"loc":{"start":{"line":150,"column":62},"end":{"line":175,"column":1}}},"9":{"name":"(anonymous_10)","decl":{"start":{"line":157,"column":4},"end":{"line":157,"column":5}},"loc":{"start":{"line":157,"column":18},"end":{"line":173,"column":5}}},"10":{"name":"(anonymous_11)","decl":{"start":{"line":167,"column":57},"end":{"line":167,"column":58}},"loc":{"start":{"line":167,"column":65},"end":{"line":172,"column":7}}},"11":{"name":"(anonymous_12)","decl":{"start":{"line":178,"column":39},"end":{"line":178,"column":40}},"loc":{"start":{"line":178,"column":65},"end":{"line":197,"column":1}}},"12":{"name":"(anonymous_13)","decl":{"start":{"line":185,"column":4},"end":{"line":185,"column":5}},"loc":{"start":{"line":185,"column":18},"end":{"line":195,"column":5}}},"13":{"name":"(anonymous_14)","decl":{"start":{"line":200,"column":28},"end":{"line":200,"column":29}},"loc":{"start":{"line":200,"column":41},"end":{"line":217,"column":1}}},"14":{"name":"(anonymous_15)","decl":{"start":{"line":210,"column":4},"end":{"line":210,"column":5}},"loc":{"start":{"line":210,"column":22},"end":{"line":215,"column":5}}},"15":{"name":"(anonymous_16)","decl":{"start":{"line":220,"column":43},"end":{"line":220,"column":44}},"loc":{"start":{"line":220,"column":69},"end":{"line":234,"column":1}}},"16":{"name":"(anonymous_17)","decl":{"start":{"line":227,"column":4},"end":{"line":227,"column":13}},"loc":{"start":{"line":227,"column":16},"end":{"line":232,"column":5}}}},"branchMap":{"0":{"loc":{"start":{"line":10,"column":2},"end":{"line":12,"column":3}},"type":"if","locations":[{"start":{"line":10,"column":2},"end":{"line":12,"column":3}}]},"1":{"loc":{"start":{"line":37,"column":4},"end":{"line":41,"column":5}},"type":"if","locations":[{"start":{"line":37,"column":4},"end":{"line":41,"column":5}},{"start":{"line":39,"column":11},"end":{"line":41,"column":5}}]},"2":{"loc":{"start":{"line":69,"column":4},"end":{"line":71,"column":5}},"type":"if","locations":[{"start":{"line":69,"column":4},"end":{"line":71,"column":5}}]},"3":{"loc":{"start":{"line":80,"column":4},"end":{"line":85,"column":5}},"type":"if","locations":[{"start":{"line":80,"column":4},"end":{"line":85,"column":5}}]},"4":{"loc":{"start":{"line":95,"column":4},"end":{"line":106,"column":5}},"type":"if","locations":[{"start":{"line":95,"column":4},"end":{"line":106,"column":5}},{"start":{"line":101,"column":11},"end":{"line":106,"column":5}}]},"5":{"loc":{"start":{"line":104,"column":15},"end":{"line":104,"column":60}},"type":"binary-expr","locations":[{"start":{"line":104,"column":15},"end":{"line":104,"column":27}},{"start":{"line":104,"column":31},"end":{"line":104,"column":60}}]},"6":{"loc":{"start":{"line":111,"column":4},"end":{"line":122,"column":5}},"type":"if","locations":[{"start":{"line":111,"column":4},"end":{"line":122,"column":5}}]},"7":{"loc":{"start":{"line":112,"column":6},"end":{"line":117,"column":7}},"type":"if","locations":[{"start":{"line":112,"column":6},"end":{"line":117,"column":7}}]},"8":{"loc":{"start":{"line":127,"column":13},"end":{"line":127,"column":84}},"type":"cond-expr","locations":[{"start":{"line":127,"column":38},"end":{"line":127,"column":51}},{"start":{"line":127,"column":54},"end":{"line":127,"column":84}}]},"9":{"loc":{"start":{"line":135,"column":19},"end":{"line":135,"column":66}},"type":"cond-expr","locations":[{"start":{"line":135,"column":30},"end":{"line":135,"column":61}},{"start":{"line":135,"column":64},"end":{"line":135,"column":66}}]},"10":{"loc":{"start":{"line":141,"column":6},"end":{"line":143,"column":7}},"type":"if","locations":[{"start":{"line":141,"column":6},"end":{"line":143,"column":7}}]},"11":{"loc":{"start":{"line":158,"column":6},"end":{"line":160,"column":7}},"type":"if","locations":[{"start":{"line":158,"column":6},"end":{"line":160,"column":7}}]},"12":{"loc":{"start":{"line":158,"column":10},"end":{"line":158,"column":22}},"type":"binary-expr","locations":[{"start":{"line":158,"column":10},"end":{"line":158,"column":13}},{"start":{"line":158,"column":17},"end":{"line":158,"column":22}}]},"13":{"loc":{"start":{"line":168,"column":8},"end":{"line":170,"column":9}},"type":"if","locations":[{"start":{"line":168,"column":8},"end":{"line":170,"column":9}}]},"14":{"loc":{"start":{"line":186,"column":6},"end":{"line":194,"column":7}},"type":"if","locations":[{"start":{"line":186,"column":6},"end":{"line":194,"column":7}},{"start":{"line":190,"column":13},"end":{"line":194,"column":7}}]},"15":{"loc":{"start":{"line":211,"column":6},"end":{"line":213,"column":7}},"type":"if","locations":[{"start":{"line":211,"column":6},"end":{"line":213,"column":7}}]},"16":{"loc":{"start":{"line":228,"column":6},"end":{"line":230,"column":7}},"type":"if","locations":[{"start":{"line":228,"column":6},"end":{"line":230,"column":7}}]}},"s":{"0":0,"1":0,"2":0,"3":0,"4":0,"5":0,"6":0,"7":0,"8":0,"9":0,"10":0,"11":0,"12":0,"13":0,"14":0,"15":0,"16":0,"17":0,"18":0,"19":0,"20":0,"21":0,"22":0,"23":0,"24":0,"25":0,"26":0,"27":0,"28":0,"29":0,"30":0,"31":0,"32":0,"33":0,"34":0,"35":0,"36":0,"37":0,"38":0,"39":0,"40":0,"41":0,"42":0,"43":0,"44":0,"45":0,"46":0,"47":0,"48":0,"49":0,"50":0,"51":0,"52":0,"53":0,"54":0,"55":0,"56":0,"57":0,"58":0,"59":0,"60":0,"61":0,"62":0,"63":0,"64":0,"65":0,"66":0,"67":0,"68":0,"69":0,"70":0,"71":0,"72":0,"73":0,"74":0,"75":0,"76":0,"77":0,"78":0,"79":0,"80":0,"81":0,"82":0},"f":{"0":0,"1":0,"2":0,"3":0,"4":0,"5":0,"6":0,"7":0,"8":0,"9":0,"10":0,"11":0,"12":0,"13":0,"14":0,"15":0,"16":0},"b":{"0":[0],"1":[0,0],"2":[0],"3":[0],"4":[0,0],"5":[0,0],"6":[0],"7":[0],"8":[0,0],"9":[0,0],"10":[0],"11":[0],"12":[0,0],"13":[0],"14":[0,0],"15":[0],"16":[0]}}
,"C:\\Users\\hemavathin\\OneDrive - CANARYS AUTOMATIONS LIMITED\\Documents\\Projects\\INSTALITENEW\\Insta\\server\\src\\routes\\users.ts": {"path":"C:\\Users\\hemavathin\\OneDrive - CANARYS AUTOMATIONS LIMITED\\Documents\\Projects\\INSTALITENEW\\Insta\\server\\src\\routes\\users.ts","statementMap":{"0":{"start":{"line":1,"column":0},"end":{"line":1,"column":30}},"1":{"start":{"line":2,"column":0},"end":{"line":2,"column":39}},"2":{"start":{"line":3,"column":0},"end":{"line":3,"column":63}},"3":{"start":{"line":5,"column":15},"end":{"line":5,"column":31}},"4":{"start":{"line":6,"column":11},"end":{"line":6,"column":41}},"5":{"start":{"line":9,"column":0},"end":{"line":30,"column":3}},"6":{"start":{"line":10,"column":17},"end":{"line":10,"column":30}},"7":{"start":{"line":12,"column":2},"end":{"line":29,"column":4}},"8":{"start":{"line":16,"column":6},"end":{"line":18,"column":7}},"9":{"start":{"line":17,"column":8},"end":{"line":17,"column":65}},"10":{"start":{"line":21,"column":6},"end":{"line":27,"column":8}},"11":{"start":{"line":25,"column":10},"end":{"line":25,"column":52}},"12":{"start":{"line":33,"column":0},"end":{"line":44,"column":3}},"13":{"start":{"line":34,"column":2},"end":{"line":43,"column":4}},"14":{"start":{"line":38,"column":6},"end":{"line":40,"column":7}},"15":{"start":{"line":39,"column":8},"end":{"line":39,"column":65}},"16":{"start":{"line":41,"column":6},"end":{"line":41,"column":21}},"17":{"start":{"line":46,"column":0},"end":{"line":46,"column":22}}},"fnMap":{"0":{"name":"(anonymous_1)","decl":{"start":{"line":9,"column":19},"end":{"line":9,"column":20}},"loc":{"start":{"line":9,"column":32},"end":{"line":30,"column":1}}},"1":{"name":"(anonymous_2)","decl":{"start":{"line":15,"column":4},"end":{"line":15,"column":5}},"loc":{"start":{"line":15,"column":18},"end":{"line":28,"column":5}}},"2":{"name":"(anonymous_3)","decl":{"start":{"line":24,"column":8},"end":{"line":24,"column":9}},"loc":{"start":{"line":24,"column":23},"end":{"line":26,"column":9}}},"3":{"name":"(anonymous_4)","decl":{"start":{"line":33,"column":32},"end":{"line":33,"column":33}},"loc":{"start":{"line":33,"column":58},"end":{"line":44,"column":1}}},"4":{"name":"(anonymous_5)","decl":{"start":{"line":37,"column":4},"end":{"line":37,"column":5}},"loc":{"start":{"line":37,"column":18},"end":{"line":42,"column":5}}}},"branchMap":{"0":{"loc":{"start":{"line":16,"column":6},"end":{"line":18,"column":7}},"type":"if","locations":[{"start":{"line":16,"column":6},"end":{"line":18,"column":7}}]},"1":{"loc":{"start":{"line":16,"column":10},"end":{"line":16,"column":22}},"type":"binary-expr","locations":[{"start":{"line":16,"column":10},"end":{"line":16,"column":13}},{"start":{"line":16,"column":17},"end":{"line":16,"column":22}}]},"2":{"loc":{"start":{"line":25,"column":37},"end":{"line":25,"column":48}},"type":"binary-expr","locations":[{"start":{"line":25,"column":37},"end":{"line":25,"column":42}},{"start":{"line":25,"column":46},"end":{"line":25,"column":48}}]},"3":{"loc":{"start":{"line":38,"column":6},"end":{"line":40,"column":7}},"type":"if","locations":[{"start":{"line":38,"column":6},"end":{"line":40,"column":7}}]},"4":{"loc":{"start":{"line":38,"column":10},"end":{"line":38,"column":22}},"type":"binary-expr","locations":[{"start":{"line":38,"column":10},"end":{"line":38,"column":13}},{"start":{"line":38,"column":17},"end":{"line":38,"column":22}}]}},"s":{"0":0,"1":0,"2":0,"3":0,"4":0,"5":0,"6":0,"7":0,"8":0,"9":0,"10":0,"11":0,"12":0,"13":0,"14":0,"15":0,"16":0,"17":0},"f":{"0":0,"1":0,"2":0,"3":0,"4":0},"b":{"0":[0],"1":[0,0],"2":[0,0],"3":[0],"4":[0,0]}}
,"C:\\Users\\hemavathin\\OneDrive - CANARYS AUTOMATIONS LIMITED\\Documents\\Projects\\INSTALITENEW\\Insta\\server\\src\\services\\captionService.ts": {"path":"C:\\Users\\hemavathin\\OneDrive - CANARYS AUTOMATIONS LIMITED\\Documents\\Projects\\INSTALITENEW\\Insta\\server\\src\\services\\captionService.ts","statementMap":{"0":{"start":{"line":1,"column":0},"end":{"line":1,"column":28}},"1":{"start":{"line":8,"column":10},"end":{"line":8,"column":39}},"2":{"start":{"line":9,"column":19},"end":{"line":9,"column":36}},"3":{"start":{"line":10,"column":19},"end":{"line":10,"column":36}},"4":{"start":{"line":13,"column":19},"end":{"line":13,"column":45}},"5":{"start":{"line":15,"column":4},"end":{"line":19,"column":5}},"6":{"start":{"line":16,"column":6},"end":{"line":16,"column":76}},"7":{"start":{"line":17,"column":6},"end":{"line":17,"column":66}},"8":{"start":{"line":18,"column":6},"end":{"line":18,"column":13}},"9":{"start":{"line":21,"column":4},"end":{"line":28,"column":5}},"10":{"start":{"line":22,"column":6},"end":{"line":24,"column":9}},"11":{"start":{"line":25,"column":6},"end":{"line":25,"column":62}},"12":{"start":{"line":27,"column":6},"end":{"line":27,"column":68}},"13":{"start":{"line":35,"column":4},"end":{"line":35,"column":32}},"14":{"start":{"line":48,"column":4},"end":{"line":53,"column":5}},"15":{"start":{"line":49,"column":6},"end":{"line":52,"column":8}},"16":{"start":{"line":55,"column":4},"end":{"line":142,"column":5}},"17":{"start":{"line":57,"column":26},"end":{"line":57,"column":56}},"18":{"start":{"line":58,"column":22},"end":{"line":58,"column":62}},"19":{"start":{"line":61,"column":23},"end":{"line":87,"column":8}},"20":{"start":{"line":90,"column":22},"end":{"line":90,"column":59}},"21":{"start":{"line":92,"column":6},"end":{"line":97,"column":7}},"22":{"start":{"line":93,"column":8},"end":{"line":96,"column":10}},"23":{"start":{"line":100,"column":23},"end":{"line":104,"column":20}},"24":{"start":{"line":102,"column":26},"end":{"line":102,"column":40}},"25":{"start":{"line":103,"column":29},"end":{"line":103,"column":47}},"26":{"start":{"line":106,"column":6},"end":{"line":111,"column":7}},"27":{"start":{"line":107,"column":8},"end":{"line":110,"column":10}},"28":{"start":{"line":113,"column":6},"end":{"line":116,"column":8}},"29":{"start":{"line":118,"column":6},"end":{"line":118,"column":57}},"30":{"start":{"line":121,"column":6},"end":{"line":136,"column":7}},"31":{"start":{"line":122,"column":8},"end":{"line":125,"column":10}},"32":{"start":{"line":126,"column":13},"end":{"line":136,"column":7}},"33":{"start":{"line":127,"column":8},"end":{"line":130,"column":10}},"34":{"start":{"line":131,"column":13},"end":{"line":136,"column":7}},"35":{"start":{"line":132,"column":8},"end":{"line":135,"column":10}},"36":{"start":{"line":138,"column":6},"end":{"line":141,"column":8}},"37":{"start":{"line":151,"column":25},"end":{"line":151,"column":34}},"38":{"start":{"line":152,"column":20},"end":{"line":152,"column":47}},"39":{"start":{"line":154,"column":4},"end":{"line":156,"column":5}},"40":{"start":{"line":155,"column":6},"end":{"line":155,"column":16}},"41":{"start":{"line":158,"column":4},"end":{"line":158,"column":48}},"42":{"start":{"line":158,"column":30},"end":{"line":158,"column":46}},"43":{"start":{"line":163,"column":0},"end":{"line":163,"column":36}}},"fnMap":{"0":{"name":"(anonymous_1)","decl":{"start":{"line":12,"column":2},"end":{"line":12,"column":null}},"loc":{"start":{"line":12,"column":2},"end":{"line":29,"column":3}}},"1":{"name":"(anonymous_2)","decl":{"start":{"line":34,"column":2},"end":{"line":34,"column":13}},"loc":{"start":{"line":34,"column":13},"end":{"line":36,"column":3}}},"2":{"name":"(anonymous_3)","decl":{"start":{"line":44,"column":2},"end":{"line":44,"column":7}},"loc":{"start":{"line":46,"column":20},"end":{"line":143,"column":3}}},"3":{"name":"(anonymous_4)","decl":{"start":{"line":102,"column":13},"end":{"line":102,"column":14}},"loc":{"start":{"line":102,"column":26},"end":{"line":102,"column":40}}},"4":{"name":"(anonymous_5)","decl":{"start":{"line":103,"column":16},"end":{"line":103,"column":17}},"loc":{"start":{"line":103,"column":29},"end":{"line":103,"column":47}}},"5":{"name":"(anonymous_6)","decl":{"start":{"line":150,"column":2},"end":{"line":150,"column":17}},"loc":{"start":{"line":150,"column":33},"end":{"line":159,"column":3}}},"6":{"name":"(anonymous_7)","decl":{"start":{"line":158,"column":23},"end":{"line":158,"column":26}},"loc":{"start":{"line":158,"column":30},"end":{"line":158,"column":46}}}},"branchMap":{"0":{"loc":{"start":{"line":15,"column":4},"end":{"line":19,"column":5}},"type":"if","locations":[{"start":{"line":15,"column":4},"end":{"line":19,"column":5}}]},"1":{"loc":{"start":{"line":48,"column":4},"end":{"line":53,"column":5}},"type":"if","locations":[{"start":{"line":48,"column":4},"end":{"line":53,"column":5}}]},"2":{"loc":{"start":{"line":92,"column":6},"end":{"line":97,"column":7}},"type":"if","locations":[{"start":{"line":92,"column":6},"end":{"line":97,"column":7}}]},"3":{"loc":{"start":{"line":106,"column":6},"end":{"line":111,"column":7}},"type":"if","locations":[{"start":{"line":106,"column":6},"end":{"line":111,"column":7}}]},"4":{"loc":{"start":{"line":121,"column":6},"end":{"line":136,"column":7}},"type":"if","locations":[{"start":{"line":121,"column":6},"end":{"line":136,"column":7}},{"start":{"line":126,"column":13},"end":{"line":136,"column":7}}]},"5":{"loc":{"start":{"line":126,"column":13},"end":{"line":136,"column":7}},"type":"if","locations":[{"start":{"line":126,"column":13},"end":{"line":136,"column":7}},{"start":{"line":131,"column":13},"end":{"line":136,"column":7}}]},"6":{"loc":{"start":{"line":131,"column":13},"end":{"line":136,"column":7}},"type":"if","locations":[{"start":{"line":131,"column":13},"end":{"line":136,"column":7}}]},"7":{"loc":{"start":{"line":140,"column":15},"end":{"line":140,"column":88}},"type":"binary-expr","locations":[{"start":{"line":140,"column":15},"end":{"line":140,"column":28}},{"start":{"line":140,"column":32},"end":{"line":140,"column":88}}]},"8":{"loc":{"start":{"line":154,"column":4},"end":{"line":156,"column":5}},"type":"if","locations":[{"start":{"line":154,"column":4},"end":{"line":156,"column":5}}]}},"s":{"0":0,"1":0,"2":0,"3":0,"4":0,"5":0,"6":0,"7":0,"8":0,"9":0,"10":0,"11":0,"12":0,"13":0,"14":0,"15":0,"16":0,"17":0,"18":0,"19":0,"20":0,"21":0,"22":0,"23":0,"24":0,"25":0,"26":0,"27":0,"28":0,"29":0,"30":0,"31":0,"32":0,"33":0,"34":0,"35":0,"36":0,"37":0,"38":0,"39":0,"40":0,"41":0,"42":0,"43":0},"f":{"0":0,"1":0,"2":0,"3":0,"4":0,"5":0,"6":0},"b":{"0":[0],"1":[0],"2":[0],"3":[0],"4":[0,0],"5":[0,0],"6":[0],"7":[0,0],"8":[0]}}
}
