TN:
SF:src\database.ts
FN:8,(anonymous_1)
FN:15,(anonymous_2)
FN:22,(anonymous_3)
FN:23,(anonymous_4)
FN:97,(anonymous_5)
FN:98,(anonymous_6)
FN:121,(anonymous_7)
FN:149,(anonymous_8)
FNF:8
FNH:0
FNDA:0,(anonymous_1)
FNDA:0,(anonymous_2)
FNDA:0,(anonymous_3)
FNDA:0,(anonymous_4)
FNDA:0,(anonymous_5)
FNDA:0,(anonymous_6)
FNDA:0,(anonymous_7)
FNDA:0,(anonymous_8)
DA:1,0
DA:2,0
DA:4,0
DA:9,0
DA:10,0
DA:11,0
DA:12,0
DA:16,0
DA:17,0
DA:19,0
DA:23,0
DA:25,0
DA:38,0
DA:51,0
DA:64,0
DA:77,0
DA:98,0
DA:100,0
DA:105,0
DA:110,0
DA:115,0
DA:121,0
DA:122,0
DA:123,0
DA:124,0
DA:150,0
LF:26
LH:0
BRDA:16,0,0,0
BRDA:122,1,0,0
BRF:2
BRH:0
end_of_record
TN:
SF:src\index.ts
FN:34,(anonymous_1)
FN:38,(anonymous_2)
FNF:2
FNH:0
FNDA:0,(anonymous_1)
FNDA:0,(anonymous_2)
DA:1,0
DA:2,0
DA:3,0
DA:4,0
DA:5,0
DA:6,0
DA:7,0
DA:8,0
DA:11,0
DA:13,0
DA:14,0
DA:15,0
DA:17,0
DA:18,0
DA:21,0
DA:24,0
DA:25,0
DA:26,0
DA:29,0
DA:30,0
DA:31,0
DA:32,0
DA:34,0
DA:35,0
DA:38,0
DA:39,0
LF:26
LH:0
BRDA:15,0,0,0
BRDA:15,0,1,0
BRDA:18,1,0,0
BRDA:18,1,1,0
BRF:4
BRH:0
end_of_record
TN:
SF:src\middleware\auth.ts
FN:8,(anonymous_1)
FNF:1
FNH:0
FNDA:0,(anonymous_1)
DA:2,0
DA:8,0
DA:9,0
DA:10,0
DA:12,0
DA:13,0
DA:16,0
DA:17,0
DA:18,0
DA:20,0
LF:10
LH:0
BRDA:12,0,0,0
BRDA:16,1,0,0
BRDA:16,1,1,0
BRF:3
BRH:0
end_of_record
TN:
SF:src\routes\auth.ts
FN:10,(anonymous_1)
FN:19,(anonymous_2)
FN:37,(anonymous_3)
FN:40,(anonymous_4)
FNF:4
FNH:0
FNDA:0,(anonymous_1)
FNDA:0,(anonymous_2)
FNDA:0,(anonymous_3)
FNDA:0,(anonymous_4)
DA:1,0
DA:2,0
DA:3,0
DA:4,0
DA:6,0
DA:7,0
DA:10,0
DA:11,0
DA:13,0
DA:14,0
DA:16,0
DA:20,0
DA:21,0
DA:24,0
DA:25,0
DA:32,0
DA:37,0
DA:38,0
DA:40,0
DA:41,0
DA:42,0
DA:45,0
DA:46,0
DA:47,0
DA:50,0
DA:51,0
DA:63,0
LF:27
LH:0
BRDA:20,0,0,0
BRDA:24,1,0,0
BRDA:24,1,1,0
BRDA:41,2,0,0
BRDA:41,3,0,0
BRDA:41,3,1,0
BRDA:46,4,0,0
BRDA:50,5,0,0
BRDA:50,5,1,0
BRF:9
BRH:0
end_of_record
TN:
SF:src\routes\follow.ts
FN:14,(anonymous_1)
FN:38,(anonymous_2)
FN:57,(anonymous_3)
FN:76,(anonymous_4)
FN:88,(anonymous_5)
FN:116,(anonymous_6)
FN:132,(anonymous_7)
FN:151,(anonymous_8)
FN:163,(anonymous_9)
FN:187,(anonymous_10)
FN:205,(anonymous_11)
FN:224,(anonymous_12)
FN:249,(anonymous_13)
FN:282,(anonymous_14)
FN:300,(anonymous_15)
FN:319,(anonymous_16)
FN:344,(anonymous_17)
FN:377,(anonymous_18)
FN:410,(anonymous_19)
FNF:19
FNH:0
FNDA:0,(anonymous_1)
FNDA:0,(anonymous_2)
FNDA:0,(anonymous_3)
FNDA:0,(anonymous_4)
FNDA:0,(anonymous_5)
FNDA:0,(anonymous_6)
FNDA:0,(anonymous_7)
FNDA:0,(anonymous_8)
FNDA:0,(anonymous_9)
FNDA:0,(anonymous_10)
FNDA:0,(anonymous_11)
FNDA:0,(anonymous_12)
FNDA:0,(anonymous_13)
FNDA:0,(anonymous_14)
FNDA:0,(anonymous_15)
FNDA:0,(anonymous_16)
FNDA:0,(anonymous_17)
FNDA:0,(anonymous_18)
FNDA:0,(anonymous_19)
DA:1,0
DA:2,0
DA:3,0
DA:5,0
DA:6,0
DA:14,0
DA:15,0
DA:16,0
DA:19,0
DA:20,0
DA:27,0
DA:28,0
DA:35,0
DA:39,0
DA:40,0
DA:46,0
DA:47,0
DA:54,0
DA:58,0
DA:59,0
DA:65,0
DA:66,0
DA:73,0
DA:77,0
DA:78,0
DA:85,0
DA:89,0
DA:116,0
DA:117,0
DA:118,0
DA:121,0
DA:122,0
DA:129,0
DA:133,0
DA:134,0
DA:140,0
DA:141,0
DA:148,0
DA:152,0
DA:153,0
DA:160,0
DA:164,0
DA:187,0
DA:188,0
DA:189,0
DA:190,0
DA:191,0
DA:194,0
DA:195,0
DA:202,0
DA:206,0
DA:207,0
DA:213,0
DA:214,0
DA:221,0
DA:225,0
DA:226,0
DA:232,0
DA:235,0
DA:250,0
DA:251,0
DA:257,0
DA:282,0
DA:283,0
DA:284,0
DA:285,0
DA:286,0
DA:289,0
DA:290,0
DA:297,0
DA:301,0
DA:302,0
DA:308,0
DA:309,0
DA:316,0
DA:320,0
DA:321,0
DA:327,0
DA:330,0
DA:345,0
DA:346,0
DA:352,0
DA:377,0
DA:378,0
DA:379,0
DA:380,0
DA:383,0
DA:384,0
DA:391,0
DA:392,0
DA:399,0
DA:400,0
DA:407,0
DA:411,0
DA:412,0
DA:418,0
DA:431,0
LF:97
LH:0
BRDA:19,0,0,0
BRDA:27,1,0,0
BRDA:39,2,0,0
BRDA:46,3,0,0
BRDA:58,4,0,0
BRDA:65,5,0,0
BRDA:77,6,0,0
BRDA:96,7,0,0
BRDA:96,7,1,0
BRDA:121,8,0,0
BRDA:133,9,0,0
BRDA:140,10,0,0
BRDA:152,11,0,0
BRDA:169,12,0,0
BRDA:169,12,1,0
BRDA:189,13,0,0
BRDA:189,13,1,0
BRDA:190,14,0,0
BRDA:190,14,1,0
BRDA:194,15,0,0
BRDA:206,16,0,0
BRDA:213,17,0,0
BRDA:225,18,0,0
BRDA:232,19,0,0
BRDA:232,19,1,0
BRDA:250,20,0,0
BRDA:264,21,0,0
BRDA:264,21,1,0
BRDA:284,22,0,0
BRDA:284,22,1,0
BRDA:285,23,0,0
BRDA:285,23,1,0
BRDA:289,24,0,0
BRDA:301,25,0,0
BRDA:308,26,0,0
BRDA:320,27,0,0
BRDA:327,28,0,0
BRDA:327,28,1,0
BRDA:345,29,0,0
BRDA:359,30,0,0
BRDA:359,30,1,0
BRDA:383,31,0,0
BRDA:383,32,0,0
BRDA:383,32,1,0
BRDA:391,33,0,0
BRDA:399,34,0,0
BRDA:411,35,0,0
BRDA:422,36,0,0
BRDA:422,36,1,0
BRF:49
BRH:0
end_of_record
TN:
SF:src\routes\posts.ts
FN:9,(anonymous_1)
FN:22,(anonymous_2)
FN:35,(anonymous_3)
FN:59,(anonymous_4)
FN:68,(anonymous_5)
FN:77,(anonymous_6)
FN:133,(anonymous_7)
FN:140,(anonymous_8)
FN:150,(anonymous_9)
FN:157,(anonymous_10)
FN:167,(anonymous_11)
FN:178,(anonymous_12)
FN:185,(anonymous_13)
FN:200,(anonymous_14)
FN:210,(anonymous_15)
FN:220,(anonymous_16)
FN:227,(anonymous_17)
FNF:17
FNH:0
FNDA:0,(anonymous_1)
FNDA:0,(anonymous_2)
FNDA:0,(anonymous_3)
FNDA:0,(anonymous_4)
FNDA:0,(anonymous_5)
FNDA:0,(anonymous_6)
FNDA:0,(anonymous_7)
FNDA:0,(anonymous_8)
FNDA:0,(anonymous_9)
FNDA:0,(anonymous_10)
FNDA:0,(anonymous_11)
FNDA:0,(anonymous_12)
FNDA:0,(anonymous_13)
FNDA:0,(anonymous_14)
FNDA:0,(anonymous_15)
FNDA:0,(anonymous_16)
FNDA:0,(anonymous_17)
DA:1,0
DA:2,0
DA:4,0
DA:5,0
DA:6,0
DA:9,0
DA:10,0
DA:11,0
DA:13,0
DA:16,0
DA:17,0
DA:20,0
DA:23,0
DA:26,0
DA:29,0
DA:30,0
DA:36,0
DA:37,0
DA:38,0
DA:40,0
DA:47,0
DA:59,0
DA:60,0
DA:68,0
DA:69,0
DA:70,0
DA:72,0
DA:77,0
DA:78,0
DA:80,0
DA:81,0
DA:88,0
DA:89,0
DA:92,0
DA:95,0
DA:96,0
DA:102,0
DA:108,0
DA:111,0
DA:112,0
DA:113,0
DA:118,0
DA:125,0
DA:133,0
DA:134,0
DA:135,0
DA:137,0
DA:141,0
DA:142,0
DA:144,0
DA:150,0
DA:151,0
DA:154,0
DA:158,0
DA:159,0
DA:163,0
DA:164,0
DA:167,0
DA:168,0
DA:169,0
DA:171,0
DA:178,0
DA:179,0
DA:182,0
DA:186,0
DA:188,0
DA:189,0
DA:192,0
DA:193,0
DA:200,0
DA:201,0
DA:203,0
DA:211,0
DA:212,0
DA:214,0
DA:220,0
DA:221,0
DA:222,0
DA:224,0
DA:228,0
DA:229,0
DA:231,0
DA:236,0
LF:83
LH:0
BRDA:10,0,0,0
BRDA:37,1,0,0
BRDA:37,1,1,0
BRDA:69,2,0,0
BRDA:80,3,0,0
BRDA:95,4,0,0
BRDA:95,4,1,0
BRDA:104,5,0,0
BRDA:104,5,1,0
BRDA:111,6,0,0
BRDA:112,7,0,0
BRDA:127,8,0,0
BRDA:127,8,1,0
BRDA:135,9,0,0
BRDA:135,9,1,0
BRDA:141,10,0,0
BRDA:158,11,0,0
BRDA:158,12,0,0
BRDA:158,12,1,0
BRDA:168,13,0,0
BRDA:186,14,0,0
BRDA:186,14,1,0
BRDA:211,15,0,0
BRDA:228,16,0,0
BRF:24
BRH:0
end_of_record
TN:
SF:src\routes\users.ts
FN:9,(anonymous_1)
FN:15,(anonymous_2)
FN:24,(anonymous_3)
FN:33,(anonymous_4)
FN:37,(anonymous_5)
FNF:5
FNH:0
FNDA:0,(anonymous_1)
FNDA:0,(anonymous_2)
FNDA:0,(anonymous_3)
FNDA:0,(anonymous_4)
FNDA:0,(anonymous_5)
DA:1,0
DA:2,0
DA:3,0
DA:5,0
DA:6,0
DA:9,0
DA:10,0
DA:12,0
DA:16,0
DA:17,0
DA:21,0
DA:25,0
DA:33,0
DA:34,0
DA:38,0
DA:39,0
DA:41,0
DA:46,0
LF:18
LH:0
BRDA:16,0,0,0
BRDA:16,1,0,0
BRDA:16,1,1,0
BRDA:25,2,0,0
BRDA:25,2,1,0
BRDA:38,3,0,0
BRDA:38,4,0,0
BRDA:38,4,1,0
BRF:8
BRH:0
end_of_record
TN:
SF:src\services\captionService.ts
FN:12,(anonymous_1)
FN:34,(anonymous_2)
FN:44,(anonymous_3)
FN:102,(anonymous_4)
FN:103,(anonymous_5)
FN:150,(anonymous_6)
FN:158,(anonymous_7)
FNF:7
FNH:0
FNDA:0,(anonymous_1)
FNDA:0,(anonymous_2)
FNDA:0,(anonymous_3)
FNDA:0,(anonymous_4)
FNDA:0,(anonymous_5)
FNDA:0,(anonymous_6)
FNDA:0,(anonymous_7)
DA:1,0
DA:8,0
DA:9,0
DA:10,0
DA:13,0
DA:15,0
DA:16,0
DA:17,0
DA:18,0
DA:21,0
DA:22,0
DA:25,0
DA:27,0
DA:35,0
DA:48,0
DA:49,0
DA:55,0
DA:57,0
DA:58,0
DA:61,0
DA:90,0
DA:92,0
DA:93,0
DA:100,0
DA:102,0
DA:103,0
DA:106,0
DA:107,0
DA:113,0
DA:118,0
DA:121,0
DA:122,0
DA:126,0
DA:127,0
DA:131,0
DA:132,0
DA:138,0
DA:151,0
DA:152,0
DA:154,0
DA:155,0
DA:158,0
DA:163,0
LF:43
LH:0
BRDA:15,0,0,0
BRDA:48,1,0,0
BRDA:92,2,0,0
BRDA:106,3,0,0
BRDA:121,4,0,0
BRDA:121,4,1,0
BRDA:126,5,0,0
BRDA:126,5,1,0
BRDA:131,6,0,0
BRDA:140,7,0,0
BRDA:140,7,1,0
BRDA:154,8,0,0
BRF:12
BRH:0
end_of_record
